[debug] [2020-02-02T00:22:07.930Z] ----------------------------------------------------------------------
[debug] [2020-02-02T00:22:07.934Z] Command:       C:\Program Files\nodejs\node.exe C:\Users\user\AppData\Roaming\npm\node_modules\firebase-tools\lib\bin\firebase.js init
[debug] [2020-02-02T00:22:07.934Z] CLI Version:   7.6.2
[debug] [2020-02-02T00:22:07.934Z] Platform:      win32
[debug] [2020-02-02T00:22:07.934Z] Node Version:  v10.16.3
[debug] [2020-02-02T00:22:07.937Z] Time:          Sun Feb 02 2020 01:22:07 GMT+0100 (West Africa Standard Time)
[debug] [2020-02-02T00:22:07.937Z] ----------------------------------------------------------------------
[debug] [2020-02-02T00:22:07.937Z] 
[debug] [2020-02-02T00:22:07.952Z] > command requires scopes: ["email","openid","https://www.googleapis.com/auth/cloudplatformprojects.readonly","https://www.googleapis.com/auth/firebase","https://www.googleapis.com/auth/cloud-platform"]
[debug] [2020-02-02T00:22:07.953Z] > authorizing via signed-in user
[info] 
     ######## #### ########  ######## ########     ###     ######  ########
     ##        ##  ##     ## ##       ##     ##  ##   ##  ##       ##
     ######    ##  ########  ######   ########  #########  ######  ######
     ##        ##  ##    ##  ##       ##     ## ##     ##       ## ##
     ##       #### ##     ## ######## ########  ##     ##  ######  ########

You're about to initialize a Firebase project in this directory:

  C:\Users\user\Desktop\hackernews

Before we get started, keep in mind:

  * You are initializing in an existing Firebase project directory

[info] 
=== Project Setup
[info] 
[info] First, let's associate this project directory with a Firebase project.
[info] You can create multiple project aliases by running firebase use --add, 
[info] but for now we'll just set up a default project.
[info] 
[debug] [2020-02-02T00:22:33.714Z] > refreshing access token with scopes: ["email","https://www.googleapis.com/auth/cloud-platform","https://www.googleapis.com/auth/cloudplatformprojects.readonly","https://www.googleapis.com/auth/firebase","openid"]
[debug] [2020-02-02T00:22:33.714Z] >>> HTTP REQUEST POST https://www.googleapis.com/oauth2/v3/token  
 <request body omitted>
[debug] [2020-02-02T00:22:36.135Z] <<< HTTP RESPONSE 200
[debug] [2020-02-02T00:22:36.207Z] >>> HTTP REQUEST GET https://firebase.googleapis.com/v1beta1/projects?pageSize=100  
 
[debug] [2020-02-02T00:22:37.703Z] <<< HTTP RESPONSE 200
[debug] [2020-02-02T00:23:10.170Z] ----------------------------------------------------------------------
[debug] [2020-02-02T00:23:10.174Z] Command:       C:\Program Files\nodejs\node.exe C:\Users\user\AppData\Roaming\npm\node_modules\firebase-tools\lib\bin\firebase.js init
[debug] [2020-02-02T00:23:10.175Z] CLI Version:   7.6.2
[debug] [2020-02-02T00:23:10.175Z] Platform:      win32
[debug] [2020-02-02T00:23:10.175Z] Node Version:  v10.16.3
[debug] [2020-02-02T00:23:10.177Z] Time:          Sun Feb 02 2020 01:23:10 GMT+0100 (West Africa Standard Time)
[debug] [2020-02-02T00:23:10.177Z] ----------------------------------------------------------------------
[debug] [2020-02-02T00:23:10.177Z] 
[debug] [2020-02-02T00:23:10.192Z] > command requires scopes: ["email","openid","https://www.googleapis.com/auth/cloudplatformprojects.readonly","https://www.googleapis.com/auth/firebase","https://www.googleapis.com/auth/cloud-platform"]
[debug] [2020-02-02T00:23:10.193Z] > authorizing via signed-in user
[info] 
     ######## #### ########  ######## ########     ###     ######  ########
     ##        ##  ##     ## ##       ##     ##  ##   ##  ##       ##
     ######    ##  ########  ######   ########  #########  ######  ######
     ##        ##  ##    ##  ##       ##     ## ##     ##       ## ##
     ##       #### ##     ## ######## ########  ##     ##  ######  ########

You're about to initialize a Firebase project in this directory:

  C:\Users\user\Desktop\hackernews

Before we get started, keep in mind:

  * You are initializing in an existing Firebase project directory

[info] 
=== Project Setup
[info] 
[info] First, let's associate this project directory with a Firebase project.
[info] You can create multiple project aliases by running firebase use --add, 
[info] but for now we'll just set up a default project.
[info] 
[info] i  If you want to create a project in a Google Cloud organization or folder, please use "firebase projects:create" instead, and return to this command when you've created the project.
[debug] [2020-02-02T00:24:19.087Z] >>> HTTP REQUEST POST https://cloudresourcemanager.googleapis.com/v1/projects  

[debug] [2020-02-02T00:24:22.531Z] <<< HTTP RESPONSE 400
[debug] [2020-02-02T00:24:22.532Z] <<< HTTP RESPONSE BODY
[debug] [2020-02-02T00:24:22.651Z] HTTP Error: 400, Request contains an invalid argument.
[debug] [2020-02-02T00:24:23.107Z] FirebaseError: HTTP Error: 400, Request contains an invalid argument.
    at module.exports (C:\Users\user\AppData\Roaming\npm\node_modules\firebase-tools\lib\responseToError.js:38:12)
    at Request._callback (C:\Users\user\AppData\Roaming\npm\node_modules\firebase-tools\lib\api.js:39:35)
    at Request.self.callback (C:\Users\user\AppData\Roaming\npm\node_modules\firebase-tools\node_modules\request\request.js:185:22)
    at Request.emit (events.js:198:13)
    at Request.EventEmitter.emit (domain.js:448:20)
    at Request.<anonymous> (C:\Users\user\AppData\Roaming\npm\node_modules\firebase-tools\node_modules\request\request.js:1161:10)
    at Request.emit (events.js:198:13)
    at Request.EventEmitter.emit (domain.js:448:20)
    at IncomingMessage.<anonymous> (C:\Users\user\AppData\Roaming\npm\node_modules\firebase-tools\node_modules\request\request.js:1083:12)
    at Object.onceWrapper (events.js:286:20)
[error] 
[error] Error: Failed to create Google Cloud project. See firebase-debug.log for more info.
